state	power	likelihood
300	1	-56382.5
400	1	-56379.4
500	1	-56381.8
600	1	-56377.8
700	1	-56378.1
800	1	-56379.9
900	1	-56380.4
1000	1	-56379.8
300	0.903921	-56383.6
400	0.903921	-56381.1
500	0.903921	-56380.6
600	0.903921	-56380.7
700	0.903921	-56385.6
800	0.903921	-56385.7
900	0.903921	-56381.7
1000	0.903921	-56382.6
300	0.815373	-56380.4
400	0.815373	-56380.6
500	0.815373	-56381.4
600	0.815373	-56382.4
700	0.815373	-56385.8
800	0.815373	-56381.3
900	0.815373	-56382.8
1000	0.815373	-56385.4
300	0.733904	-56381.7
400	0.733904	-56380.4
500	0.733904	-56381.4
600	0.733904	-56382.9
700	0.733904	-56380.1
800	0.733904	-56382.3
900	0.733904	-56384.3
1000	0.733904	-56381.4
300	0.659082	-56381.3
400	0.659082	-56380.6
500	0.659082	-56381.5
600	0.659082	-56381.3
700	0.659082	-56381
800	0.659082	-56385.2
900	0.659082	-56382.1
1000	0.659082	-56387.7
300	0.59049	-56387
400	0.59049	-56383.1
500	0.59049	-56381.3
600	0.59049	-56383.2
700	0.59049	-56381
800	0.59049	-56381.1
900	0.59049	-56380.2
1000	0.59049	-56380.2
300	0.527732	-56388.7
400	0.527732	-56388.5
500	0.527732	-56384.9
600	0.527732	-56381.2
700	0.527732	-56392.1
800	0.527732	-56385.4
900	0.527732	-56385.2
1000	0.527732	-56386.5
300	0.470427	-56389.1
400	0.470427	-56389.1
500	0.470427	-56385
600	0.470427	-56396.3
700	0.470427	-56383.6
800	0.470427	-56388.4
900	0.470427	-56396
1000	0.470427	-56392.6
300	0.418212	-56388.9
400	0.418212	-56380.4
500	0.418212	-56399.8
600	0.418212	-56380.7
700	0.418212	-56381.6
800	0.418212	-56383.5
900	0.418212	-56383.4
1000	0.418212	-56381.2
300	0.37074	-56380.9
400	0.37074	-56379.4
500	0.37074	-56393.2
600	0.37074	-56399.5
700	0.37074	-56401.9
800	0.37074	-56387.8
900	0.37074	-56389.7
1000	0.37074	-56386.2
300	0.32768	-56388.1
400	0.32768	-56395.8
500	0.32768	-56386.9
600	0.32768	-56384.1
700	0.32768	-56381.1
800	0.32768	-56397.2
900	0.32768	-56389.6
1000	0.32768	-56387.5
300	0.288717	-56381.1
400	0.288717	-56400.1
500	0.288717	-56394.8
600	0.288717	-56387.8
700	0.288717	-56395.9
800	0.288717	-56388.7
900	0.288717	-56390.1
1000	0.288717	-56382.1
300	0.253553	-56388.5
400	0.253553	-56397.2
500	0.253553	-56408.5
600	0.253553	-56383.9
700	0.253553	-56396.1
800	0.253553	-56384.5
900	0.253553	-56396.7
1000	0.253553	-56396.6
300	0.221901	-56397.7
400	0.221901	-56421.7
500	0.221901	-56380.6
600	0.221901	-56388.8
700	0.221901	-56393
800	0.221901	-56395.1
900	0.221901	-56420.9
1000	0.221901	-56393.7
300	0.193492	-56397.1
400	0.193492	-56389
500	0.193492	-56404.3
600	0.193492	-56391.2
700	0.193492	-56392.7
800	0.193492	-56394
900	0.193492	-56402.2
1000	0.193492	-56394
300	0.16807	-56389.2
400	0.16807	-56404.7
500	0.16807	-56417.4
600	0.16807	-56402.1
700	0.16807	-56396
800	0.16807	-56395.5
900	0.16807	-56412.8
1000	0.16807	-56386.8
300	0.145393	-56404.8
400	0.145393	-56392.6
500	0.145393	-56419.4
600	0.145393	-56431.7
700	0.145393	-56397.6
800	0.145393	-56421.7
900	0.145393	-56392.9
1000	0.145393	-56403.4
300	0.125233	-56409
400	0.125233	-56395.8
500	0.125233	-56397.9
600	0.125233	-56415.1
700	0.125233	-56408.7
800	0.125233	-56417.5
900	0.125233	-56413.4
1000	0.125233	-56422.8
300	0.107374	-56392.6
400	0.107374	-56432.1
500	0.107374	-56409.9
600	0.107374	-56410.7
700	0.107374	-56388.8
800	0.107374	-56407.2
900	0.107374	-56444.8
1000	0.107374	-56399.8
300	0.0916133	-56403.2
400	0.0916133	-56394.2
500	0.0916133	-56426.1
600	0.0916133	-56447
700	0.0916133	-56392.3
800	0.0916133	-56409.5
900	0.0916133	-56422.4
1000	0.0916133	-56421.7
300	0.07776	-56406.4
400	0.07776	-56453.1
500	0.07776	-56420.6
600	0.07776	-56408.9
700	0.07776	-56452.6
800	0.07776	-56432.1
900	0.07776	-56431.1
1000	0.07776	-56424.9
300	0.0656357	-56387.3
400	0.0656357	-56414.3
500	0.0656357	-56454
600	0.0656357	-56424.5
700	0.0656357	-56443.4
800	0.0656357	-56405.3
900	0.0656357	-56394.1
1000	0.0656357	-56404.3
300	0.0550732	-56443.5
400	0.0550732	-56431.9
500	0.0550732	-56442.2
600	0.0550732	-56436.1
700	0.0550732	-56463
800	0.0550732	-56447.6
900	0.0550732	-56398.8
1000	0.0550732	-56403.1
300	0.0459165	-56455
400	0.0459165	-56443.6
500	0.0459165	-56433.6
600	0.0459165	-56475.3
700	0.0459165	-56449.1
800	0.0459165	-56441.1
900	0.0459165	-56445.4
1000	0.0459165	-56419.1
300	0.0380204	-56435.7
400	0.0380204	-56477
500	0.0380204	-56409.8
600	0.0380204	-56418.8
700	0.0380204	-56461.4
800	0.0380204	-56453.2
900	0.0380204	-56498.8
1000	0.0380204	-56414
300	0.03125	-56548.9
400	0.03125	-56467.7
500	0.03125	-56447.1
600	0.03125	-56527.9
700	0.03125	-56555.2
800	0.03125	-56541.2
900	0.03125	-56493.8
1000	0.03125	-56459.7
300	0.0254804	-56570
400	0.0254804	-56490.5
500	0.0254804	-56462.1
600	0.0254804	-56423.2
700	0.0254804	-56499.9
800	0.0254804	-56471.9
900	0.0254804	-56424.9
1000	0.0254804	-56440.3
300	0.0205963	-56507.7
400	0.0205963	-56593.9
500	0.0205963	-56489.4
600	0.0205963	-56676.5
700	0.0205963	-56509.4
800	0.0205963	-56445
900	0.0205963	-56693.5
1000	0.0205963	-56447.7
300	0.0164916	-56754.3
400	0.0164916	-56628.6
500	0.0164916	-56520
600	0.0164916	-56562.3
700	0.0164916	-56722.2
800	0.0164916	-56599.6
900	0.0164916	-56462.3
1000	0.0164916	-56571.6
300	0.0130691	-56505.3
400	0.0130691	-56740.3
500	0.0130691	-56545.3
600	0.0130691	-57276.7
700	0.0130691	-56481.1
800	0.0130691	-56612.6
900	0.0130691	-56603
1000	0.0130691	-56630.7
300	0.01024	-56617.9
400	0.01024	-56787
500	0.01024	-56557.1
600	0.01024	-56603.5
700	0.01024	-56571.9
800	0.01024	-56655.7
900	0.01024	-56542.5
1000	0.01024	-56493.3
300	0.00792352	-56552.6
400	0.00792352	-56548.1
500	0.00792352	-56915.6
600	0.00792352	-56819
700	0.00792352	-56488.6
800	0.00792352	-56889.4
900	0.00792352	-56710.3
1000	0.00792352	-56837
300	0.00604662	-56802.9
400	0.00604662	-57221
500	0.00604662	-57060.7
600	0.00604662	-56681
700	0.00604662	-56662.2
800	0.00604662	-57363.5
900	0.00604662	-56921.1
1000	0.00604662	-56805.1
300	0.00454354	-57034.8
400	0.00454354	-57573.8
500	0.00454354	-57003.4
600	0.00454354	-56759.9
700	0.00454354	-56591.4
800	0.00454354	-56782.7
900	0.00454354	-56983.3
1000	0.00454354	-57418.3
300	0.00335544	-57484.9
400	0.00335544	-56904.6
500	0.00335544	-57098.7
600	0.00335544	-57262.4
700	0.00335544	-57533.5
800	0.00335544	-57660
900	0.00335544	-57278.3
1000	0.00335544	-57331.9
300	0.00243	-56881.8
400	0.00243	-57734.1
500	0.00243	-57585.8
600	0.00243	-58023.4
700	0.00243	-57067.7
800	0.00243	-57555.4
900	0.00243	-57169.6
1000	0.00243	-58216.3
300	0.00172104	-57490
400	0.00172104	-57260.6
500	0.00172104	-56818.6
600	0.00172104	-58006.4
700	0.00172104	-56829
800	0.00172104	-57204.4
900	0.00172104	-58820.9
1000	0.00172104	-57510.8
300	0.00118814	-57478.9
400	0.00118814	-57079.7
500	0.00118814	-58014.5
600	0.00118814	-57307.6
700	0.00118814	-59717.3
800	0.00118814	-56914.8
900	0.00118814	-57837.9
1000	0.00118814	-57455.8
300	0.000796262	-58447.7
400	0.000796262	-57715.9
500	0.000796262	-58290.6
600	0.000796262	-59234.4
700	0.000796262	-58032
800	0.000796262	-58282.3
900	0.000796262	-57149.1
1000	0.000796262	-57351.4
300	0.000515363	-57701.5
400	0.000515363	-57801.3
500	0.000515363	-60054.4
600	0.000515363	-58643.7
700	0.000515363	-57953.4
800	0.000515363	-57370.4
900	0.000515363	-59796.8
1000	0.000515363	-58673.6
300	0.00032	-57704.9
400	0.00032	-57967.2
500	0.00032	-57783
600	0.00032	-57168.7
700	0.00032	-56639
800	0.00032	-59097.3
900	0.00032	-58662.1
1000	0.00032	-59000.1
300	0.000188957	-71814.8
400	0.000188957	-63636.2
500	0.000188957	-63959.2
600	0.000188957	-60447.8
700	0.000188957	-59843.5
800	0.000188957	-58811.3
900	0.000188957	-63407.5
1000	0.000188957	-59935.1
300	0.000104858	-62921.2
400	0.000104858	-62553.9
500	0.000104858	-62551.8
600	0.000104858	-60101.5
700	0.000104858	-59654.1
800	0.000104858	-63575.3
900	0.000104858	-77576.9
1000	0.000104858	-62354.4
300	5.37824e-05	-64400.5
400	5.37824e-05	-58435.3
500	5.37824e-05	-66751.1
600	5.37824e-05	-59790.3
700	5.37824e-05	-58229.2
800	5.37824e-05	-60076
900	5.37824e-05	-66790.2
1000	5.37824e-05	-58769
300	2.48832e-05	-58123.7
400	2.48832e-05	-57437.8
500	2.48832e-05	-63559.9
600	2.48832e-05	-61350.5
700	2.48832e-05	-58245.4
800	2.48832e-05	-58885.3
900	2.48832e-05	-61678.5
1000	2.48832e-05	-70659.1
300	1e-05	-78368.3
400	1e-05	-57970.4
500	1e-05	-65234
600	1e-05	-60277.3
700	1e-05	-57344.8
800	1e-05	-74402.6
900	1e-05	-59900.5
1000	1e-05	-58779.3
300	3.2768e-06	-65484
400	3.2768e-06	-62437.5
500	3.2768e-06	-61126.4
600	3.2768e-06	-63145.2
700	3.2768e-06	-72871.1
800	3.2768e-06	-80787.6
900	3.2768e-06	-60707.1
1000	3.2768e-06	-57879.7
300	7.776e-07	-97241.3
400	7.776e-07	-61488.3
500	7.776e-07	-69694.7
600	7.776e-07	-65703
700	7.776e-07	-65273.3
800	7.776e-07	-61235.7
900	7.776e-07	-70964.9
1000	7.776e-07	-63195
300	1.024e-07	-86331.6
400	1.024e-07	-82299.6
500	1.024e-07	-80241.9
600	1.024e-07	-57456.2
700	1.024e-07	-59646
800	1.024e-07	-70559.6
900	1.024e-07	-59655.6
1000	1.024e-07	-71006.1
300	3.2e-09	-58948.8
400	3.2e-09	-60784.8
500	3.2e-09	-62103.1
600	3.2e-09	-63043.6
700	3.2e-09	-76288.9
800	3.2e-09	-67372.7
900	3.2e-09	-59835.6
1000	3.2e-09	-57724.2
300	1.16658e-302	-64380.6
400	1.16658e-302	-76642.5
500	1.16658e-302	-68166.6
600	1.16658e-302	-62123.8
700	1.16658e-302	-57910.5
800	1.16658e-302	-59525.9
900	1.16658e-302	-65261.1
1000	1.16658e-302	-94027.7
